[debug] [2017-11-28T18:03:58.207Z] ----------------------------------------------------------------------
[debug] [2017-11-28T18:03:58.212Z] Command:       /usr/local/Cellar/node/8.4.0/bin/node /usr/local/bin/firebase serve
[debug] [2017-11-28T18:03:58.212Z] CLI Version:   3.15.3
[debug] [2017-11-28T18:03:58.212Z] Platform:      darwin
[debug] [2017-11-28T18:03:58.212Z] Node Version:  v8.4.0
[debug] [2017-11-28T18:03:58.213Z] Time:          Tue Nov 28 2017 11:03:58 GMT-0700 (MST)
[debug] [2017-11-28T18:03:58.213Z] ----------------------------------------------------------------------
[debug] 
[debug] [2017-11-28T18:03:58.231Z] > command requires scopes: ["email","openid","https://www.googleapis.com/auth/cloudplatformprojects.readonly","https://www.googleapis.com/auth/firebase","https://www.googleapis.com/auth/cloud-platform"]
[debug] [2017-11-28T18:03:58.231Z] > authorizing via signed-in user
[debug] [2017-11-28T18:03:58.234Z] >>> HTTP REQUEST GET https://admin.firebase.com/v1/projects/push-notifications-b4cce  
 Tue Nov 28 2017 11:03:58 GMT-0700 (MST)
[debug] [2017-11-28T18:03:58.780Z] <<< HTTP RESPONSE 200
[debug] [2017-11-28T18:03:58.780Z] >>> HTTP REQUEST GET https://admin.firebase.com/v1/database/push-notifications-b4cce/tokens  
 Tue Nov 28 2017 11:03:58 GMT-0700 (MST)
[debug] [2017-11-28T18:03:59.425Z] <<< HTTP RESPONSE 200
[info] 
[info] === Serving from '/Users/jeanine/code/coffee-pot/client'...
[info] 
[debug] [2017-11-28T18:03:59.429Z] >>> HTTP REQUEST GET https://cloudresourcemanager.googleapis.com/v1/projects/push-notifications-b4cce  
 Tue Nov 28 2017 11:03:59 GMT-0700 (MST)
[debug] [2017-11-28T18:03:59.945Z] <<< HTTP RESPONSE 200
[debug] [2017-11-28T18:03:59.945Z] >>> HTTP REQUEST GET https://mobilesdk-pa.googleapis.com/v1/projects/151473612033/clients/_:getWebAppConfig  
 Tue Nov 28 2017 11:03:59 GMT-0700 (MST)
[debug] [2017-11-28T18:04:00.448Z] <<< HTTP RESPONSE 200
[debug] [2017-11-28T18:04:00.496Z] TypeError: Cannot read property 'public' of undefined
    at Server.<anonymous> (/usr/local/lib/node_modules/firebase-tools/lib/serve/hosting.js:34:17)
    at Object.onceWrapper (events.js:314:30)
    at emitNone (events.js:105:13)
    at Server.emit (events.js:207:7)
    at emitListeningNT (net.js:1349:10)
    at _combinedTickCallback (internal/process/next_tick.js:135:11)
    at process._tickDomainCallback (internal/process/next_tick.js:218:9)
[error] 
[error] Error: An unexpected error has occurred.
